
> hacktrack-community-hub@0.0.0 build
> vite build

[36mvite v5.4.21 [32mbuilding for production...[36m[39m
transforming...
[32m✓[39m 1516 modules transformed.
[31mx[39m Build failed in 13.06s
[31merror during build:
[31msrc/pages/Home.jsx (3:9): "getHackathons" is not exported by "src/pages/hackathons.js", imported by "src/pages/Home.jsx".[31m
file: [36mD:/projects/HACKTRACK/src/pages/Home.jsx:3:9[31m
[33m
1: import React, { useState, useEffect } from 'react';
2: import { Link } from 'react-router-dom';
3: import { getHackathons } from './hackathons';
            ^
4: import { Card, CardHeader, CardTitle, CardContent } from '../components/ui/Card';
5: import { Button } from '../components/ui/Button';
[31m
    at getRollupError (file:///D:/projects/HACKTRACK/node_modules/rollup/dist/es/shared/parseAst.js:402:41)
    at error (file:///D:/projects/HACKTRACK/node_modules/rollup/dist/es/shared/parseAst.js:398:42)
    at Module.error (file:///D:/projects/HACKTRACK/node_modules/rollup/dist/es/shared/node-entry.js:17040:16)
    at Module.traceVariable (file:///D:/projects/HACKTRACK/node_modules/rollup/dist/es/shared/node-entry.js:17452:29)
    at ModuleScope.findVariable (file:///D:/projects/HACKTRACK/node_modules/rollup/dist/es/shared/node-entry.js:15070:39)
    at FunctionScope.findVariable (file:///D:/projects/HACKTRACK/node_modules/rollup/dist/es/shared/node-entry.js:5673:38)
    at FunctionBodyScope.findVariable (file:///D:/projects/HACKTRACK/node_modules/rollup/dist/es/shared/node-entry.js:5673:38)
    at ReturnValueScope.findVariable (file:///D:/projects/HACKTRACK/node_modules/rollup/dist/es/shared/node-entry.js:5673:38)
    at FunctionBodyScope.findVariable (file:///D:/projects/HACKTRACK/node_modules/rollup/dist/es/shared/node-entry.js:5673:38)
    at ReturnValueScope.findVariable (file:///D:/projects/HACKTRACK/node_modules/rollup/dist/es/shared/node-entry.js:5673:38)[39m
